# JRE version: Java(TM) SE Runtime Environment 18.9 (11.0.15+8) (build 11.0.15+8-LTS-149)
# Java VM: Java HotSpot(TM) 64-Bit Server VM 18.9 (11.0.15+8-LTS-149, mixed mode, tiered, compressed oops, g1 gc, windows-amd64)
Heap:
 garbage-first heap   total 131072K, used 57494K [0x0000000080000000, 0x0000000100000000)
  region size 1024K, 53 young (54272K), 4 survivors (4096K)
 Metaspace       used 33010K, capacity 33866K, committed 34096K, reserved 1081344K
  class space    used 3799K, capacity 4172K, committed 4224K, reserved 1048576K
GC Heap History (10 events):
Event: 3.951 GC heap before
{Heap before GC invocations=1 (full 0):
 garbage-first heap   total 131072K, used 8501K [0x0000000080000000, 0x0000000100000000)
  region size 1024K, 6 young (6144K), 1 survivors (1024K)
 Metaspace       used 9893K, capacity 10086K, committed 10240K, reserved 1058816K
  class space    used 907K, capacity 955K, committed 1024K, reserved 1048576K
}
Event: 3.956 GC heap after
{Heap after GC invocations=2 (full 0):
 garbage-first heap   total 131072K, used 4369K [0x0000000080000000, 0x0000000100000000)
  region size 1024K, 1 young (1024K), 1 survivors (1024K)
 Metaspace       used 9893K, capacity 10086K, committed 10240K, reserved 1058816K
  class space    used 907K, capacity 955K, committed 1024K, reserved 1048576K
}
Event: 4.405 GC heap before
{Heap before GC invocations=2 (full 0):
 garbage-first heap   total 131072K, used 13585K [0x0000000080000000, 0x0000000100000000)
  region size 1024K, 10 young (10240K), 1 survivors (1024K)
 Metaspace       used 12578K, capacity 12803K, committed 12928K, reserved 1060864K
  class space    used 1251K, capacity 1358K, committed 1408K, reserved 1048576K
}
Event: 4.410 GC heap after
{Heap after GC invocations=3 (full 0):
 garbage-first heap   total 131072K, used 4979K [0x0000000080000000, 0x0000000100000000)
  region size 1024K, 2 young (2048K), 2 survivors (2048K)
 Metaspace       used 12578K, capacity 12803K, committed 12928K, reserved 1060864K
  class space    used 1251K, capacity 1358K, committed 1408K, reserved 1048576K
}
Event: 5.036 GC heap before
{Heap before GC invocations=3 (full 0):
 garbage-first heap   total 131072K, used 18291K [0x0000000080000000, 0x0000000100000000)
  region size 1024K, 16 young (16384K), 2 survivors (2048K)
 Metaspace       used 16696K, capacity 17116K, committed 17408K, reserved 1064960K
  class space    used 1796K, capacity 1977K, committed 2048K, reserved 1048576K
}
Event: 5.044 GC heap after
{Heap after GC invocations=4 (full 0):
 garbage-first heap   total 131072K, used 6133K [0x0000000080000000, 0x0000000100000000)
  region size 1024K, 2 young (2048K), 2 survivors (2048K)
 Metaspace       used 16696K, capacity 17116K, committed 17408K, reserved 1064960K
  class space    used 1796K, capacity 1977K, committed 2048K, reserved 1048576K
}
Event: 5.620 GC heap before
{Heap before GC invocations=4 (full 0):
 garbage-first heap   total 131072K, used 22517K [0x0000000080000000, 0x0000000100000000)
  region size 1024K, 20 young (20480K), 2 survivors (2048K)
 Metaspace       used 20680K, capacity 21150K, committed 21296K, reserved 1069056K
  class space    used 2235K, capacity 2411K, committed 2432K, reserved 1048576K
}
Event: 5.628 GC heap after
{Heap after GC invocations=5 (full 0):
 garbage-first heap   total 131072K, used 6656K [0x0000000080000000, 0x0000000100000000)
  region size 1024K, 3 young (3072K), 3 survivors (3072K)
 Metaspace       used 20680K, capacity 21150K, committed 21296K, reserved 1069056K
  class space    used 2235K, capacity 2411K, committed 2432K, reserved 1048576K
}
Event: 6.553 GC heap before
{Heap before GC invocations=6 (full 0):
 garbage-first heap   total 131072K, used 35328K [0x0000000080000000, 0x0000000100000000)
  region size 1024K, 32 young (32768K), 3 survivors (3072K)
 Metaspace       used 24808K, capacity 25410K, committed 25520K, reserved 1071104K
  class space    used 2781K, capacity 3021K, committed 3072K, reserved 1048576K
}
Event: 6.567 GC heap after
{Heap after GC invocations=7 (full 0):
 garbage-first heap   total 131072K, used 8342K [0x0000000080000000, 0x0000000100000000)
  region size 1024K, 4 young (4096K), 4 survivors (4096K)
 Metaspace       used 24808K, capacity 25410K, committed 25520K, reserved 1071104K
  class space    used 2781K, capacity 3021K, committed 3072K, reserved 1048576K
}

