# JRE version: Java(TM) SE Runtime Environment 18.9 (11.0.15+8) (build 11.0.15+8-LTS-149)
# Java VM: Java HotSpot(TM) 64-Bit Server VM 18.9 (11.0.15+8-LTS-149, mixed mode, tiered, compressed oops, g1 gc, windows-amd64)
Heap:
 garbage-first heap   total 189440K, used 14527K [0x0000000080000000, 0x0000000100000000)
  region size 1024K, 6 young (6144K), 6 survivors (6144K)
 Metaspace       used 34988K, capacity 35830K, committed 35964K, reserved 1081344K
  class space    used 4228K, capacity 4600K, committed 4732K, reserved 1048576K
GC Heap History (10 events):
Event: 2.722 GC heap after
{Heap after GC invocations=4 (full 0):
 garbage-first heap   total 131072K, used 7776K [0x0000000080000000, 0x0000000100000000)
  region size 1024K, 2 young (2048K), 2 survivors (2048K)
 Metaspace       used 16691K, capacity 17022K, committed 17280K, reserved 1064960K
  class space    used 1752K, capacity 1870K, committed 1920K, reserved 1048576K
}
Event: 3.188 GC heap before
{Heap before GC invocations=4 (full 0):
 garbage-first heap   total 131072K, used 31328K [0x0000000080000000, 0x0000000100000000)
  region size 1024K, 25 young (25600K), 2 survivors (2048K)
 Metaspace       used 20422K, capacity 20830K, committed 20992K, reserved 1067008K
  class space    used 2325K, capacity 2462K, committed 2560K, reserved 1048576K
}
Event: 3.197 GC heap after
{Heap after GC invocations=5 (full 0):
 garbage-first heap   total 157696K, used 8649K [0x0000000080000000, 0x0000000100000000)
  region size 1024K, 3 young (3072K), 3 survivors (3072K)
 Metaspace       used 20422K, capacity 20830K, committed 20992K, reserved 1067008K
  class space    used 2325K, capacity 2462K, committed 2560K, reserved 1048576K
}
Event: 3.378 GC heap before
{Heap before GC invocations=5 (full 0):
 garbage-first heap   total 157696K, used 10697K [0x0000000080000000, 0x0000000100000000)
  region size 1024K, 6 young (6144K), 3 survivors (3072K)
 Metaspace       used 20795K, capacity 21199K, committed 21248K, reserved 1069056K
  class space    used 2383K, capacity 2545K, committed 2560K, reserved 1048576K
}
Event: 3.386 GC heap after
{Heap after GC invocations=6 (full 0):
 garbage-first heap   total 157696K, used 8840K [0x0000000080000000, 0x0000000100000000)
  region size 1024K, 3 young (3072K), 3 survivors (3072K)
 Metaspace       used 20795K, capacity 21199K, committed 21248K, reserved 1069056K
  class space    used 2383K, capacity 2545K, committed 2560K, reserved 1048576K
}
Event: 4.417 GC heap before
{Heap before GC invocations=7 (full 0):
 garbage-first heap   total 157696K, used 47752K [0x0000000080000000, 0x0000000100000000)
  region size 1024K, 42 young (43008K), 3 survivors (3072K)
 Metaspace       used 27067K, capacity 27668K, committed 27772K, reserved 1073152K
  class space    used 3159K, capacity 3389K, committed 3452K, reserved 1048576K
}
Event: 4.428 GC heap after
{Heap after GC invocations=8 (full 0):
 garbage-first heap   total 157696K, used 10223K [0x0000000080000000, 0x0000000100000000)
  region size 1024K, 4 young (4096K), 4 survivors (4096K)
 Metaspace       used 27067K, capacity 27668K, committed 27772K, reserved 1073152K
  class space    used 3159K, capacity 3389K, committed 3452K, reserved 1048576K
}
Event: 7.067 GC heap before
{Heap before GC invocations=8 (full 0):
 garbage-first heap   total 157696K, used 73711K [0x0000000080000000, 0x0000000100000000)
  region size 1024K, 66 young (67584K), 4 survivors (4096K)
 Metaspace       used 34216K, capacity 34993K, committed 35196K, reserved 1079296K
  class space    used 4095K, capacity 4424K, committed 4476K, reserved 1048576K
}
Event: 7.090 GC heap after
{Heap after GC invocations=9 (full 0):
 garbage-first heap   total 157696K, used 13650K [0x0000000080000000, 0x0000000100000000)
  region size 1024K, 8 young (8192K), 8 survivors (8192K)
 Metaspace       used 34216K, capacity 34993K, committed 35196K, reserved 1079296K
  class space    used 4095K, capacity 4424K, committed 4476K, reserved 1048576K
}
Event: 7.335 GC heap before
{Heap before GC invocations=9 (full 0):
 garbage-first heap   total 157696K, used 17746K [0x0000000080000000, 0x0000000100000000)
  region size 1024K, 13 young (13312K), 8 survivors (8192K)
 Metaspace       used 34988K, capacity 35830K, committed 35964K, reserved 1081344K
  class space    used 4228K, capacity 4600K, committed 4732K, reserved 1048576K
}

